[04-Aug-2025 19:46:27 UTC] PHP Fatal error:  Uncaught Error: Call to a member function prepare() on null in C:\Apache24\htdocs\seramer2\models\UserModel.php:535
Stack trace:
#0 C:\Apache24\htdocs\seramer2\views\layouts\navigation.php(126): UserModel->isManager()
#1 C:\Apache24\htdocs\seramer2\views\dashboard\dashboard.php(48): include('...')
#2 {main}
  thrown in C:\Apache24\htdocs\seramer2\models\UserModel.php on line 535
[04-Aug-2025 19:46:37 UTC] PHP Fatal error:  Uncaught Error: Call to a member function prepare() on null in C:\Apache24\htdocs\seramer2\models\UserModel.php:535
Stack trace:
#0 C:\Apache24\htdocs\seramer2\views\layouts\navigation.php(126): UserModel->isManager()
#1 C:\Apache24\htdocs\seramer2\views\dashboard\dashboard.php(48): include('...')
#2 {main}
  thrown in C:\Apache24\htdocs\seramer2\models\UserModel.php on line 535
[04-Aug-2025 19:46:49 UTC] PHP Fatal error:  Uncaught Error: Call to a member function prepare() on null in C:\Apache24\htdocs\seramer2\models\UserModel.php:535
Stack trace:
#0 C:\Apache24\htdocs\seramer2\views\layouts\navigation.php(126): UserModel->isManager()
#1 C:\Apache24\htdocs\seramer2\views\dashboard\dashboard.php(48): include('...')
#2 {main}
  thrown in C:\Apache24\htdocs\seramer2\models\UserModel.php on line 535
[04-Aug-2025 19:47:28 UTC] PHP Fatal error:  Uncaught Error: Call to a member function prepare() on null in C:\Apache24\htdocs\seramer2\models\UserModel.php:535
Stack trace:
#0 C:\Apache24\htdocs\seramer2\views\layouts\navigation.php(126): UserModel->isManager()
#1 C:\Apache24\htdocs\seramer2\views\dashboard\dashboard.php(48): include('...')
#2 {main}
  thrown in C:\Apache24\htdocs\seramer2\models\UserModel.php on line 535
[04-Aug-2025 19:47:32 UTC] PHP Fatal error:  Uncaught Error: Call to a member function prepare() on null in C:\Apache24\htdocs\seramer2\models\UserModel.php:535
Stack trace:
#0 C:\Apache24\htdocs\seramer2\views\layouts\navigation.php(126): UserModel->isManager()
#1 C:\Apache24\htdocs\seramer2\views\dashboard\dashboard.php(48): include('...')
#2 {main}
  thrown in C:\Apache24\htdocs\seramer2\models\UserModel.php on line 535
[04-Aug-2025 19:47:45 UTC] PHP Fatal error:  Uncaught Error: Call to a member function prepare() on null in C:\Apache24\htdocs\seramer2\models\UserModel.php:535
Stack trace:
#0 C:\Apache24\htdocs\seramer2\views\layouts\navigation.php(126): UserModel->isManager()
#1 C:\Apache24\htdocs\seramer2\views\dashboard\dashboard.php(48): include('...')
#2 {main}
  thrown in C:\Apache24\htdocs\seramer2\models\UserModel.php on line 535
[04-Aug-2025 19:47:48 UTC] PHP Fatal error:  Uncaught Error: Call to a member function prepare() on null in C:\Apache24\htdocs\seramer2\models\UserModel.php:535
Stack trace:
#0 C:\Apache24\htdocs\seramer2\views\layouts\navigation.php(126): UserModel->isManager()
#1 C:\Apache24\htdocs\seramer2\views\dashboard\dashboard.php(48): include('...')
#2 {main}
  thrown in C:\Apache24\htdocs\seramer2\models\UserModel.php on line 535
