[04-Aug-2025 17:46:37 UTC] PHP Warning:  Array to string conversion in C:\Apache24\htdocs\seramer2\views\forgot-password\ForgotPassword.php on line 17
[04-Aug-2025 18:31:13 UTC] PHP Warning:  Undefined array key "code" in C:\Apache24\htdocs\seramer2\views\forgot-password\ForgotPassword.php on line 19
[04-Aug-2025 18:31:13 UTC] Error obteniendo usuario por token: SQLSTATE[42S02]: Base table or view not found: 1146 Table 'seramermvc.password_resets' doesn't exist
[04-Aug-2025 18:31:47 UTC] PHP Warning:  Undefined array key "code" in C:\Apache24\htdocs\seramer2\views\forgot-password\ForgotPassword.php on line 19
[04-Aug-2025 18:31:47 UTC] Error obteniendo usuario por token: SQLSTATE[42S02]: Base table or view not found: 1146 Table 'seramermvc.password_resets' doesn't exist
[04-Aug-2025 18:31:52 UTC] Error obteniendo usuario por token: SQLSTATE[42S02]: Base table or view not found: 1146 Table 'seramermvc.password_resets' doesn't exist
[04-Aug-2025 18:46:34 UTC] PHP Warning:  Undefined array key "code" in C:\Apache24\htdocs\seramer2\views\forgot-password\ForgotPassword.php on line 20
[04-Aug-2025 18:46:34 UTC] Error obteniendo usuario por token: SQLSTATE[42S02]: Base table or view not found: 1146 Table 'seramermvc.password_resets' doesn't exist
[04-Aug-2025 18:46:42 UTC] Error obteniendo usuario por token: SQLSTATE[42S02]: Base table or view not found: 1146 Table 'seramermvc.password_resets' doesn't exist
[04-Aug-2025 18:47:54 UTC] Error obteniendo usuario por token: SQLSTATE[42S02]: Base table or view not found: 1146 Table 'seramermvc.password_resets' doesn't exist
[04-Aug-2025 19:11:54 UTC] Error obteniendo usuario por token: SQLSTATE[42S02]: Base table or view not found: 1146 Table 'seramermvc.password_resets' doesn't exist
[04-Aug-2025 19:13:57 UTC] Error obteniendo usuario por token: SQLSTATE[42S02]: Base table or view not found: 1146 Table 'seramermvc.password_resets' doesn't exist
[04-Aug-2025 19:16:31 UTC] Error obteniendo usuario por token: SQLSTATE[42S02]: Base table or view not found: 1146 Table 'seramermvc.password_resets' doesn't exist
[04-Aug-2025 19:20:23 UTC] Error obteniendo usuario por token: SQLSTATE[42S22]: Column not found: 1054 Unknown column 'user_id' in 'SELECT'
[04-Aug-2025 19:20:26 UTC] Error obteniendo usuario por token: SQLSTATE[42S22]: Column not found: 1054 Unknown column 'user_id' in 'SELECT'
[04-Aug-2025 19:20:29 UTC] Error obteniendo usuario por token: SQLSTATE[42S22]: Column not found: 1054 Unknown column 'user_id' in 'SELECT'
[04-Aug-2025 19:20:58 UTC] PHP Warning:  Undefined array key "user_id" in C:\Apache24\htdocs\seramer2\models\UserModel.php on line 1022
[04-Aug-2025 19:22:12 UTC] PHP Warning:  Undefined array key "user_id" in C:\Apache24\htdocs\seramer2\models\UserModel.php on line 1022
[04-Aug-2025 19:22:35 UTC] getUserWithStaffDetails: Éxito para usuario 8
[04-Aug-2025 19:26:33 UTC] getUserWithStaffDetails: Éxito para usuario 8
[04-Aug-2025 19:26:33 UTC] Error eliminando token: SQLSTATE[42S02]: Base table or view not found: 1146 Table 'seramermvc.password_resets' doesn't exist
[04-Aug-2025 19:36:02 UTC] getUserWithStaffDetails: Éxito para usuario 8
[04-Aug-2025 19:36:12 UTC] getUserWithStaffDetails: Éxito para usuario 8
[04-Aug-2025 19:36:12 UTC] Error eliminando token: SQLSTATE[42S02]: Base table or view not found: 1146 Table 'seramermvc.password_resets' doesn't exist
[04-Aug-2025 19:40:08 UTC] getUserWithStaffDetails: Éxito para usuario 8
[04-Aug-2025 19:40:13 UTC] getUserWithStaffDetails: Éxito para usuario 8
[04-Aug-2025 19:40:24 UTC] getUserWithStaffDetails: Éxito para usuario 8
[04-Aug-2025 19:40:25 UTC] Error eliminando token: SQLSTATE[42S02]: Base table or view not found: 1146 Table 'seramermvc.password_resets' doesn't exist
