[04-Aug-2025 04:11:08 UTC] PHP Warning:  Undefined variable $data in C:\Apache24\htdocs\seramer2\views\complaints\create.php on line 12
[04-Aug-2025 04:11:08 UTC] PHP Warning:  Trying to access array offset on null in C:\Apache24\htdocs\seramer2\views\complaints\create.php on line 12
[04-Aug-2025 04:11:08 UTC] PHP Warning:  Undefined variable $data in C:\Apache24\htdocs\seramer2\views\complaints\create.php on line 62
[04-Aug-2025 04:11:08 UTC] PHP Warning:  Trying to access array offset on null in C:\Apache24\htdocs\seramer2\views\complaints\create.php on line 62
[04-Aug-2025 04:11:08 UTC] PHP Warning:  foreach() argument must be of type array|object, null given in C:\Apache24\htdocs\seramer2\views\complaints\create.php on line 62
[04-Aug-2025 04:12:15 UTC] PHP Warning:  Undefined variable $complaintsController in C:\Apache24\htdocs\seramer2\views\complaints\create.php on line 7
[04-Aug-2025 04:12:15 UTC] PHP Fatal error:  Uncaught Error: Call to a member function create() on null in C:\Apache24\htdocs\seramer2\views\complaints\create.php:7
Stack trace:
#0 {main}
  thrown in C:\Apache24\htdocs\seramer2\views\complaints\create.php on line 7
[04-Aug-2025 04:12:28 UTC] PHP Warning:  Undefined variable $complaintsController in C:\Apache24\htdocs\seramer2\views\complaints\create.php on line 7
[04-Aug-2025 04:12:28 UTC] PHP Fatal error:  Uncaught Error: Call to a member function create() on null in C:\Apache24\htdocs\seramer2\views\complaints\create.php:7
Stack trace:
#0 {main}
  thrown in C:\Apache24\htdocs\seramer2\views\complaints\create.php on line 7
[04-Aug-2025 14:11:43 UTC] PHP Warning:  Undefined array key "page_title" in C:\Apache24\htdocs\seramer2\views\complaints\create.php on line 40
[04-Aug-2025 14:11:43 UTC] PHP Warning:  Undefined array key "market_stalls" in C:\Apache24\htdocs\seramer2\views\complaints\create.php on line 90
[04-Aug-2025 14:11:43 UTC] PHP Warning:  foreach() argument must be of type array|object, null given in C:\Apache24\htdocs\seramer2\views\complaints\create.php on line 90
[04-Aug-2025 14:21:14 UTC] PHP Warning:  Cannot modify header information - headers already sent by (output started at C:\Apache24\htdocs\seramer2\views\layouts\navigation.php:31) in C:\Apache24\htdocs\seramer2\views\complaints\create.php on line 44
[04-Aug-2025 14:23:48 UTC] PHP Warning:  Undefined variable $data in C:\Apache24\htdocs\seramer2\views\complaints\edit.php on line 13
[04-Aug-2025 14:23:48 UTC] PHP Warning:  Trying to access array offset on null in C:\Apache24\htdocs\seramer2\views\complaints\edit.php on line 13
[04-Aug-2025 14:23:48 UTC] PHP Warning:  Undefined variable $data in C:\Apache24\htdocs\seramer2\views\complaints\edit.php on line 26
[04-Aug-2025 14:23:48 UTC] PHP Warning:  Trying to access array offset on null in C:\Apache24\htdocs\seramer2\views\complaints\edit.php on line 26
[04-Aug-2025 14:23:48 UTC] PHP Warning:  Trying to access array offset on null in C:\Apache24\htdocs\seramer2\views\complaints\edit.php on line 26
[04-Aug-2025 14:23:48 UTC] PHP Warning:  Undefined variable $data in C:\Apache24\htdocs\seramer2\views\complaints\edit.php on line 27
[04-Aug-2025 14:23:48 UTC] PHP Warning:  Trying to access array offset on null in C:\Apache24\htdocs\seramer2\views\complaints\edit.php on line 27
[04-Aug-2025 14:23:48 UTC] PHP Warning:  Trying to access array offset on null in C:\Apache24\htdocs\seramer2\views\complaints\edit.php on line 27
[04-Aug-2025 14:23:48 UTC] PHP Warning:  Undefined variable $data in C:\Apache24\htdocs\seramer2\views\complaints\edit.php on line 32
[04-Aug-2025 14:23:48 UTC] PHP Warning:  Trying to access array offset on null in C:\Apache24\htdocs\seramer2\views\complaints\edit.php on line 32
[04-Aug-2025 14:23:48 UTC] PHP Warning:  Trying to access array offset on null in C:\Apache24\htdocs\seramer2\views\complaints\edit.php on line 32
[04-Aug-2025 14:23:48 UTC] PHP Warning:  Undefined variable $data in C:\Apache24\htdocs\seramer2\views\complaints\edit.php on line 38
[04-Aug-2025 14:23:48 UTC] PHP Warning:  Trying to access array offset on null in C:\Apache24\htdocs\seramer2\views\complaints\edit.php on line 38
[04-Aug-2025 14:23:48 UTC] PHP Warning:  Trying to access array offset on null in C:\Apache24\htdocs\seramer2\views\complaints\edit.php on line 38
[04-Aug-2025 14:23:48 UTC] PHP Warning:  Undefined variable $data in C:\Apache24\htdocs\seramer2\views\complaints\edit.php on line 44
[04-Aug-2025 14:23:48 UTC] PHP Warning:  Trying to access array offset on null in C:\Apache24\htdocs\seramer2\views\complaints\edit.php on line 44
[04-Aug-2025 14:23:48 UTC] PHP Warning:  Trying to access array offset on null in C:\Apache24\htdocs\seramer2\views\complaints\edit.php on line 44
[04-Aug-2025 14:23:48 UTC] PHP Warning:  Undefined variable $data in C:\Apache24\htdocs\seramer2\views\complaints\edit.php on line 50
[04-Aug-2025 14:23:48 UTC] PHP Warning:  Trying to access array offset on null in C:\Apache24\htdocs\seramer2\views\complaints\edit.php on line 50
[04-Aug-2025 14:23:48 UTC] PHP Warning:  Trying to access array offset on null in C:\Apache24\htdocs\seramer2\views\complaints\edit.php on line 50
[04-Aug-2025 14:23:48 UTC] PHP Warning:  Undefined variable $data in C:\Apache24\htdocs\seramer2\views\complaints\edit.php on line 51
[04-Aug-2025 14:23:48 UTC] PHP Warning:  Trying to access array offset on null in C:\Apache24\htdocs\seramer2\views\complaints\edit.php on line 51
[04-Aug-2025 14:23:48 UTC] PHP Warning:  Trying to access array offset on null in C:\Apache24\htdocs\seramer2\views\complaints\edit.php on line 51
[04-Aug-2025 14:23:48 UTC] PHP Warning:  Undefined variable $data in C:\Apache24\htdocs\seramer2\views\complaints\edit.php on line 52
[04-Aug-2025 14:23:48 UTC] PHP Warning:  Trying to access array offset on null in C:\Apache24\htdocs\seramer2\views\complaints\edit.php on line 52
[04-Aug-2025 14:23:48 UTC] PHP Warning:  Trying to access array offset on null in C:\Apache24\htdocs\seramer2\views\complaints\edit.php on line 52
[04-Aug-2025 14:23:48 UTC] PHP Warning:  Undefined variable $data in C:\Apache24\htdocs\seramer2\views\complaints\edit.php on line 59
[04-Aug-2025 14:23:48 UTC] PHP Warning:  Trying to access array offset on null in C:\Apache24\htdocs\seramer2\views\complaints\edit.php on line 59
[04-Aug-2025 14:23:48 UTC] PHP Warning:  Trying to access array offset on null in C:\Apache24\htdocs\seramer2\views\complaints\edit.php on line 59
[04-Aug-2025 14:23:48 UTC] PHP Warning:  Undefined variable $data in C:\Apache24\htdocs\seramer2\views\complaints\edit.php on line 60
[04-Aug-2025 14:23:48 UTC] PHP Warning:  Trying to access array offset on null in C:\Apache24\htdocs\seramer2\views\complaints\edit.php on line 60
[04-Aug-2025 14:23:48 UTC] PHP Warning:  Trying to access array offset on null in C:\Apache24\htdocs\seramer2\views\complaints\edit.php on line 60
[04-Aug-2025 14:23:48 UTC] PHP Warning:  Undefined variable $data in C:\Apache24\htdocs\seramer2\views\complaints\edit.php on line 61
[04-Aug-2025 14:23:48 UTC] PHP Warning:  Trying to access array offset on null in C:\Apache24\htdocs\seramer2\views\complaints\edit.php on line 61
[04-Aug-2025 14:23:48 UTC] PHP Warning:  Trying to access array offset on null in C:\Apache24\htdocs\seramer2\views\complaints\edit.php on line 61
[04-Aug-2025 14:23:48 UTC] PHP Warning:  Undefined variable $data in C:\Apache24\htdocs\seramer2\views\complaints\edit.php on line 62
[04-Aug-2025 14:23:48 UTC] PHP Warning:  Trying to access array offset on null in C:\Apache24\htdocs\seramer2\views\complaints\edit.php on line 62
[04-Aug-2025 14:23:48 UTC] PHP Warning:  Trying to access array offset on null in C:\Apache24\htdocs\seramer2\views\complaints\edit.php on line 62
[04-Aug-2025 14:23:48 UTC] PHP Warning:  Undefined variable $data in C:\Apache24\htdocs\seramer2\views\complaints\edit.php on line 68
[04-Aug-2025 14:23:48 UTC] PHP Warning:  Trying to access array offset on null in C:\Apache24\htdocs\seramer2\views\complaints\edit.php on line 68
[04-Aug-2025 14:23:48 UTC] PHP Warning:  Trying to access array offset on null in C:\Apache24\htdocs\seramer2\views\complaints\edit.php on line 68
[04-Aug-2025 14:25:22 UTC] PHP Warning:  Cannot modify header information - headers already sent by (output started at C:\Apache24\htdocs\seramer2\views\layouts\navigation.php:31) in C:\Apache24\htdocs\seramer2\views\complaints\create.php on line 44
[04-Aug-2025 14:29:53 UTC] PHP Warning:  Cannot modify header information - headers already sent by (output started at C:\Apache24\htdocs\seramer2\views\layouts\navigation.php:31) in C:\Apache24\htdocs\seramer2\views\complaints\create.php on line 44
[04-Aug-2025 14:44:08 UTC] PHP Warning:  Cannot modify header information - headers already sent by (output started at C:\Apache24\htdocs\seramer2\views\layouts\navigation.php:31) in C:\Apache24\htdocs\seramer2\views\complaints\create.php on line 42
[04-Aug-2025 14:45:40 UTC] PHP Warning:  Cannot modify header information - headers already sent by (output started at C:\Apache24\htdocs\seramer2\views\layouts\navigation.php:31) in C:\Apache24\htdocs\seramer2\views\complaints\create.php on line 43
[04-Aug-2025 14:48:47 UTC] PHP Warning:  Cannot modify header information - headers already sent by (output started at C:\Apache24\htdocs\seramer2\views\layouts\navigation.php:31) in C:\Apache24\htdocs\seramer2\views\complaints\create.php on line 43
[04-Aug-2025 14:52:59 UTC] Error al ejecutar la consulta: SQLSTATE[22007]: Invalid datetime format: 1366 Incorrect integer value: '' for column `seramermvc`.`complaints`.`position_id` at row 1 - Query: INSERT INTO complaints (client_user_id, client_name, client_phone, client_email, complaint_description, position_id, contractor_id, complaint_type, complaint_status, complaint_priority, internal_observations) 
                VALUES (?, ?, ?, ?, ?, ?, ?, ?, ?, ?, ?)
[04-Aug-2025 15:03:39 UTC] PHP Parse error:  syntax error, unexpected end of file, expecting "elseif" or "else" or "endif" in C:\Apache24\htdocs\seramer2\views\complaints\index.php on line 203
[04-Aug-2025 15:03:41 UTC] PHP Parse error:  syntax error, unexpected end of file, expecting "elseif" or "else" or "endif" in C:\Apache24\htdocs\seramer2\views\complaints\index.php on line 203
[04-Aug-2025 15:03:44 UTC] PHP Parse error:  syntax error, unexpected end of file, expecting "elseif" or "else" or "endif" in C:\Apache24\htdocs\seramer2\views\complaints\index.php on line 203
[04-Aug-2025 15:03:45 UTC] PHP Parse error:  syntax error, unexpected end of file, expecting "elseif" or "else" or "endif" in C:\Apache24\htdocs\seramer2\views\complaints\index.php on line 203
[04-Aug-2025 15:08:55 UTC] PHP Warning:  Undefined array key "Suggestion" in C:\Apache24\htdocs\seramer2\views\complaints\index.php on line 128
[04-Aug-2025 15:08:55 UTC] PHP Warning:  Undefined array key "Question" in C:\Apache24\htdocs\seramer2\views\complaints\index.php on line 128
[04-Aug-2025 15:08:55 UTC] PHP Warning:  Undefined array key "Claim" in C:\Apache24\htdocs\seramer2\views\complaints\index.php on line 128
[04-Aug-2025 15:08:55 UTC] PHP Warning:  Undefined array key "Suggestion" in C:\Apache24\htdocs\seramer2\views\complaints\index.php on line 128
[04-Aug-2025 15:16:42 UTC] Error al ejecutar la consulta: SQLSTATE[42S22]: Column not found: 1054 Unknown column 'p.name' in 'SELECT' - Query: SELECT c.*, p.name AS position_name, contr.full_name_or_company_name AS contractor_name
                FROM complaints c
                LEFT JOIN market_stalls p ON c.position_id = p.id_stall
                LEFT JOIN adjudicatories contr ON c.contractor_id = contr.id_adjudicatory
                WHERE c.complaint_id = ?
[04-Aug-2025 15:16:42 UTC] PHP Warning:  Trying to access array offset on null in C:\Apache24\htdocs\seramer2\views\complaints\edit.php on line 36
[04-Aug-2025 15:16:42 UTC] PHP Warning:  Trying to access array offset on null in C:\Apache24\htdocs\seramer2\views\complaints\edit.php on line 37
[04-Aug-2025 15:16:42 UTC] PHP Warning:  Trying to access array offset on null in C:\Apache24\htdocs\seramer2\views\complaints\edit.php on line 42
[04-Aug-2025 15:16:42 UTC] PHP Warning:  Trying to access array offset on null in C:\Apache24\htdocs\seramer2\views\complaints\edit.php on line 48
[04-Aug-2025 15:16:42 UTC] PHP Warning:  Trying to access array offset on null in C:\Apache24\htdocs\seramer2\views\complaints\edit.php on line 54
[04-Aug-2025 15:16:42 UTC] PHP Warning:  Trying to access array offset on null in C:\Apache24\htdocs\seramer2\views\complaints\edit.php on line 60
[04-Aug-2025 15:16:42 UTC] PHP Warning:  Trying to access array offset on null in C:\Apache24\htdocs\seramer2\views\complaints\edit.php on line 61
[04-Aug-2025 15:16:42 UTC] PHP Warning:  Trying to access array offset on null in C:\Apache24\htdocs\seramer2\views\complaints\edit.php on line 62
[04-Aug-2025 15:16:42 UTC] PHP Warning:  Trying to access array offset on null in C:\Apache24\htdocs\seramer2\views\complaints\edit.php on line 69
[04-Aug-2025 15:16:42 UTC] PHP Warning:  Trying to access array offset on null in C:\Apache24\htdocs\seramer2\views\complaints\edit.php on line 70
[04-Aug-2025 15:16:42 UTC] PHP Warning:  Trying to access array offset on null in C:\Apache24\htdocs\seramer2\views\complaints\edit.php on line 71
[04-Aug-2025 15:16:42 UTC] PHP Warning:  Trying to access array offset on null in C:\Apache24\htdocs\seramer2\views\complaints\edit.php on line 72
[04-Aug-2025 15:16:42 UTC] PHP Warning:  Trying to access array offset on null in C:\Apache24\htdocs\seramer2\views\complaints\edit.php on line 78
[04-Aug-2025 15:28:15 UTC] PHP Warning:  Undefined variable $complaintId in C:\Apache24\htdocs\seramer2\views\complaints\edit.php on line 5
[04-Aug-2025 15:28:15 UTC] PHP Warning:  Undefined array key "complaint" in C:\Apache24\htdocs\seramer2\views\complaints\edit.php on line 61
[04-Aug-2025 15:28:15 UTC] PHP Warning:  Trying to access array offset on null in C:\Apache24\htdocs\seramer2\views\complaints\edit.php on line 61
[04-Aug-2025 15:28:15 UTC] PHP Warning:  Undefined array key "complaint" in C:\Apache24\htdocs\seramer2\views\complaints\edit.php on line 62
[04-Aug-2025 15:28:15 UTC] PHP Warning:  Trying to access array offset on null in C:\Apache24\htdocs\seramer2\views\complaints\edit.php on line 62
[04-Aug-2025 15:28:15 UTC] PHP Warning:  Undefined array key "complaint" in C:\Apache24\htdocs\seramer2\views\complaints\edit.php on line 67
[04-Aug-2025 15:28:15 UTC] PHP Warning:  Trying to access array offset on null in C:\Apache24\htdocs\seramer2\views\complaints\edit.php on line 67
[04-Aug-2025 15:28:15 UTC] PHP Warning:  Undefined array key "complaint" in C:\Apache24\htdocs\seramer2\views\complaints\edit.php on line 73
[04-Aug-2025 15:28:15 UTC] PHP Warning:  Trying to access array offset on null in C:\Apache24\htdocs\seramer2\views\complaints\edit.php on line 73
[04-Aug-2025 15:28:15 UTC] PHP Warning:  Undefined array key "complaint" in C:\Apache24\htdocs\seramer2\views\complaints\edit.php on line 79
[04-Aug-2025 15:28:15 UTC] PHP Warning:  Trying to access array offset on null in C:\Apache24\htdocs\seramer2\views\complaints\edit.php on line 79
[04-Aug-2025 15:28:15 UTC] PHP Warning:  Undefined array key "complaint" in C:\Apache24\htdocs\seramer2\views\complaints\edit.php on line 85
[04-Aug-2025 15:28:15 UTC] PHP Warning:  Trying to access array offset on null in C:\Apache24\htdocs\seramer2\views\complaints\edit.php on line 85
[04-Aug-2025 15:28:15 UTC] PHP Warning:  Undefined array key "complaint" in C:\Apache24\htdocs\seramer2\views\complaints\edit.php on line 86
[04-Aug-2025 15:28:15 UTC] PHP Warning:  Trying to access array offset on null in C:\Apache24\htdocs\seramer2\views\complaints\edit.php on line 86
[04-Aug-2025 15:28:15 UTC] PHP Warning:  Undefined array key "complaint" in C:\Apache24\htdocs\seramer2\views\complaints\edit.php on line 87
[04-Aug-2025 15:28:15 UTC] PHP Warning:  Trying to access array offset on null in C:\Apache24\htdocs\seramer2\views\complaints\edit.php on line 87
[04-Aug-2025 15:28:15 UTC] PHP Warning:  Undefined array key "complaint" in C:\Apache24\htdocs\seramer2\views\complaints\edit.php on line 94
[04-Aug-2025 15:28:15 UTC] PHP Warning:  Trying to access array offset on null in C:\Apache24\htdocs\seramer2\views\complaints\edit.php on line 94
[04-Aug-2025 15:28:15 UTC] PHP Warning:  Undefined array key "complaint" in C:\Apache24\htdocs\seramer2\views\complaints\edit.php on line 95
[04-Aug-2025 15:28:15 UTC] PHP Warning:  Trying to access array offset on null in C:\Apache24\htdocs\seramer2\views\complaints\edit.php on line 95
[04-Aug-2025 15:28:15 UTC] PHP Warning:  Undefined array key "complaint" in C:\Apache24\htdocs\seramer2\views\complaints\edit.php on line 96
[04-Aug-2025 15:28:15 UTC] PHP Warning:  Trying to access array offset on null in C:\Apache24\htdocs\seramer2\views\complaints\edit.php on line 96
[04-Aug-2025 15:28:15 UTC] PHP Warning:  Undefined array key "complaint" in C:\Apache24\htdocs\seramer2\views\complaints\edit.php on line 97
[04-Aug-2025 15:28:15 UTC] PHP Warning:  Trying to access array offset on null in C:\Apache24\htdocs\seramer2\views\complaints\edit.php on line 97
[04-Aug-2025 15:28:15 UTC] PHP Warning:  Undefined array key "complaint" in C:\Apache24\htdocs\seramer2\views\complaints\edit.php on line 103
[04-Aug-2025 15:28:15 UTC] PHP Warning:  Trying to access array offset on null in C:\Apache24\htdocs\seramer2\views\complaints\edit.php on line 103
[04-Aug-2025 15:28:29 UTC] PHP Warning:  Undefined variable $complaintId in C:\Apache24\htdocs\seramer2\views\complaints\edit.php on line 5
[04-Aug-2025 15:28:29 UTC] PHP Warning:  Undefined array key "complaint" in C:\Apache24\htdocs\seramer2\views\complaints\edit.php on line 61
[04-Aug-2025 15:28:29 UTC] PHP Warning:  Trying to access array offset on null in C:\Apache24\htdocs\seramer2\views\complaints\edit.php on line 61
[04-Aug-2025 15:28:29 UTC] PHP Warning:  Undefined array key "complaint" in C:\Apache24\htdocs\seramer2\views\complaints\edit.php on line 62
[04-Aug-2025 15:28:29 UTC] PHP Warning:  Trying to access array offset on null in C:\Apache24\htdocs\seramer2\views\complaints\edit.php on line 62
[04-Aug-2025 15:28:29 UTC] PHP Warning:  Undefined array key "complaint" in C:\Apache24\htdocs\seramer2\views\complaints\edit.php on line 67
[04-Aug-2025 15:28:29 UTC] PHP Warning:  Trying to access array offset on null in C:\Apache24\htdocs\seramer2\views\complaints\edit.php on line 67
[04-Aug-2025 15:28:29 UTC] PHP Warning:  Undefined array key "complaint" in C:\Apache24\htdocs\seramer2\views\complaints\edit.php on line 73
[04-Aug-2025 15:28:29 UTC] PHP Warning:  Trying to access array offset on null in C:\Apache24\htdocs\seramer2\views\complaints\edit.php on line 73
[04-Aug-2025 15:28:29 UTC] PHP Warning:  Undefined array key "complaint" in C:\Apache24\htdocs\seramer2\views\complaints\edit.php on line 79
[04-Aug-2025 15:28:29 UTC] PHP Warning:  Trying to access array offset on null in C:\Apache24\htdocs\seramer2\views\complaints\edit.php on line 79
[04-Aug-2025 15:28:29 UTC] PHP Warning:  Undefined array key "complaint" in C:\Apache24\htdocs\seramer2\views\complaints\edit.php on line 85
[04-Aug-2025 15:28:29 UTC] PHP Warning:  Trying to access array offset on null in C:\Apache24\htdocs\seramer2\views\complaints\edit.php on line 85
[04-Aug-2025 15:28:29 UTC] PHP Warning:  Undefined array key "complaint" in C:\Apache24\htdocs\seramer2\views\complaints\edit.php on line 86
[04-Aug-2025 15:28:29 UTC] PHP Warning:  Trying to access array offset on null in C:\Apache24\htdocs\seramer2\views\complaints\edit.php on line 86
[04-Aug-2025 15:28:29 UTC] PHP Warning:  Undefined array key "complaint" in C:\Apache24\htdocs\seramer2\views\complaints\edit.php on line 87
[04-Aug-2025 15:28:29 UTC] PHP Warning:  Trying to access array offset on null in C:\Apache24\htdocs\seramer2\views\complaints\edit.php on line 87
[04-Aug-2025 15:28:29 UTC] PHP Warning:  Undefined array key "complaint" in C:\Apache24\htdocs\seramer2\views\complaints\edit.php on line 94
[04-Aug-2025 15:28:29 UTC] PHP Warning:  Trying to access array offset on null in C:\Apache24\htdocs\seramer2\views\complaints\edit.php on line 94
[04-Aug-2025 15:28:29 UTC] PHP Warning:  Undefined array key "complaint" in C:\Apache24\htdocs\seramer2\views\complaints\edit.php on line 95
[04-Aug-2025 15:28:29 UTC] PHP Warning:  Trying to access array offset on null in C:\Apache24\htdocs\seramer2\views\complaints\edit.php on line 95
[04-Aug-2025 15:28:29 UTC] PHP Warning:  Undefined array key "complaint" in C:\Apache24\htdocs\seramer2\views\complaints\edit.php on line 96
[04-Aug-2025 15:28:29 UTC] PHP Warning:  Trying to access array offset on null in C:\Apache24\htdocs\seramer2\views\complaints\edit.php on line 96
[04-Aug-2025 15:28:29 UTC] PHP Warning:  Undefined array key "complaint" in C:\Apache24\htdocs\seramer2\views\complaints\edit.php on line 97
[04-Aug-2025 15:28:29 UTC] PHP Warning:  Trying to access array offset on null in C:\Apache24\htdocs\seramer2\views\complaints\edit.php on line 97
[04-Aug-2025 15:28:29 UTC] PHP Warning:  Undefined array key "complaint" in C:\Apache24\htdocs\seramer2\views\complaints\edit.php on line 103
[04-Aug-2025 15:28:29 UTC] PHP Warning:  Trying to access array offset on null in C:\Apache24\htdocs\seramer2\views\complaints\edit.php on line 103
[05-Aug-2025 00:13:30 UTC] PHP Fatal error:  Uncaught TypeError: Cannot access offset of type string on string in C:\Apache24\htdocs\seramer2\views\complaints\create.php:173
Stack trace:
#0 {main}
  thrown in C:\Apache24\htdocs\seramer2\views\complaints\create.php on line 173
[05-Aug-2025 00:13:57 UTC] PHP Fatal error:  Uncaught TypeError: Cannot access offset of type string on string in C:\Apache24\htdocs\seramer2\views\complaints\create.php:173
Stack trace:
#0 {main}
  thrown in C:\Apache24\htdocs\seramer2\views\complaints\create.php on line 173
[05-Aug-2025 00:14:37 UTC] PHP Fatal error:  Uncaught TypeError: Cannot access offset of type string on string in C:\Apache24\htdocs\seramer2\views\complaints\create.php:173
Stack trace:
#0 {main}
  thrown in C:\Apache24\htdocs\seramer2\views\complaints\create.php on line 173
[05-Aug-2025 00:14:49 UTC] PHP Fatal error:  Uncaught TypeError: Cannot access offset of type string on string in C:\Apache24\htdocs\seramer2\views\complaints\edit.php:145
Stack trace:
#0 {main}
  thrown in C:\Apache24\htdocs\seramer2\views\complaints\edit.php on line 145
[05-Aug-2025 00:15:00 UTC] PHP Fatal error:  Uncaught TypeError: Cannot access offset of type string on string in C:\Apache24\htdocs\seramer2\views\complaints\edit.php:145
Stack trace:
#0 {main}
  thrown in C:\Apache24\htdocs\seramer2\views\complaints\edit.php on line 145
[05-Aug-2025 00:24:25 UTC] PHP Fatal error:  Uncaught TypeError: Cannot access offset of type string on string in C:\Apache24\htdocs\seramer2\views\complaints\edit.php:145
Stack trace:
#0 {main}
  thrown in C:\Apache24\htdocs\seramer2\views\complaints\edit.php on line 145
[05-Aug-2025 00:26:07 UTC] PHP Fatal error:  Uncaught TypeError: Cannot access offset of type string on string in C:\Apache24\htdocs\seramer2\views\complaints\edit.php:145
Stack trace:
#0 {main}
  thrown in C:\Apache24\htdocs\seramer2\views\complaints\edit.php on line 145
